app/build/intermediates/manifest_merge_blame_file/debug/manifest-merger-blame-debug-report.txt
1<?xml version="1.0" encoding="utf-8"?>
2<manifest xmlns:android="http://schemas.android.com/apk/res/android"
3    package="com.android.emcocansniffer"
4    android:versionCode="5"
5    android:versionName="EmcoCanSniffer v 1.0.2" >
6
7    <uses-sdk
8        android:minSdkVersion="18"
8-->src\main\AndroidManifest.xml
9        android:targetSdkVersion="22" />
9-->src\main\AndroidManifest.xml
10
11    <!--
12    <uses-permission android:name="android.permission.WRITE_EXTERNAL_STORAGE"/>
13    <uses-permission android:name="android.permission.READ_EXTERNAL_STORAGE"/>
14    -->
15    <application
15-->src\main\AndroidManifest.xml:5:5-21:19
16        android:allowBackup="true"
16-->src\main\AndroidManifest.xml:7:9-35
17        android:configChanges="orientation|keyboard"
17-->src\main\AndroidManifest.xml:11:9-53
18        android:debuggable="true"
19        android:icon="@mipmap/icons"
19-->src\main\AndroidManifest.xml:6:9-37
20        android:label="EMCOCANSNIFFER"
20-->src\main\AndroidManifest.xml:8:9-39
21        android:largeHeap="true"
21-->src\main\AndroidManifest.xml:13:9-33
22        android:launchMode="singleTask"
22-->src\main\AndroidManifest.xml:10:9-40
23        android:supportsRtl="true"
23-->src\main\AndroidManifest.xml:12:9-35
24        android:theme="@android:style/Theme.DeviceDefault.NoActionBar.Fullscreen" >
24-->src\main\AndroidManifest.xml:9:9-82
25        <activity android:name="com.android.emcocansniffer.MainActivity" >
25-->src\main\AndroidManifest.xml:14:9-20:20
25-->src\main\AndroidManifest.xml:14:19-47
26            <intent-filter>
26-->src\main\AndroidManifest.xml:15:13-19:29
27                <action android:name="android.intent.action.MAIN" />
27-->src\main\AndroidManifest.xml:16:17-69
27-->src\main\AndroidManifest.xml:16:25-66
28
29                <category android:name="android.intent.category.LAUNCHER" />
29-->src\main\AndroidManifest.xml:18:17-77
29-->src\main\AndroidManifest.xml:18:27-74
30            </intent-filter>
31        </activity>
32    </application>
33
34</manifest>